---------------------------------------------------------------
[ 2017-10-20T15:22:24+08:00 ] 127.0.0.1 127.0.0.1 GET /admin.php/school/index.html
[ error ] [1]Call to undefined function app\admin\controller\tpt()
---------------------------------------------------------------
[ 2017-10-20T17:03:15+08:00 ] 127.0.0.1 127.0.0.1 GET /admin.php/school/add.html
[ error ] [0]模板文件不存在:./application/admin\view\school_add.html
---------------------------------------------------------------
[ 2017-10-20T17:05:18+08:00 ] 127.0.0.1 127.0.0.1 GET /admin.php/school/add.html
[ error ] [8]未定义变量: tptc
---------------------------------------------------------------
[ 2017-10-20T17:05:20+08:00 ] 127.0.0.1 127.0.0.1 GET /admin.php/school/add.html
[ error ] [8]未定义变量: tptc
---------------------------------------------------------------
[ 2017-10-20T17:06:10+08:00 ] 127.0.0.1 127.0.0.1 GET /admin.php/index/index.html
[ info ] www.0794jxw.cn/admin.php/index/index.html [运行时间：0.172010s][吞吐率：5.81req/s] [内存消耗：4,632.11kb] [文件加载：57]
[ info ] [ LANG ] D:\wamp\www\www.0794jxw.cn\thinkphp\lang\zh-cn.php
[ info ] [ BIND ] 'admin'
[ info ] [ ROUTE ] array (
  'type' => 'module',
  'module' => 
  array (
    0 => 'admin',
    1 => 'index',
    2 => 'index',
  ),
)
[ info ] [ HEADER ] array (
  'host' => 'www.0794jxw.cn',
  'connection' => 'keep-alive',
  'cache-control' => 'max-age=0',
  'upgrade-insecure-requests' => '1',
  'user-agent' => 'Mozilla/5.0 (Windows NT 6.1; WOW64) AppleWebKit/537.36 (KHTML, like Gecko) Chrome/55.0.2883.87 Safari/537.36',
  'accept' => 'text/html,application/xhtml+xml,application/xml;q=0.9,image/webp,*/*;q=0.8',
  'referer' => 'http://www.0794jxw.cn/admin.php/index/index.html',
  'accept-encoding' => 'gzip, deflate, sdch',
  'accept-language' => 'zh-CN,zh;q=0.8',
  'cookie' => '__guid=28115770.2816069970022539000.1508375702909.9458; PHPSESSID=2vpuimdiu17kdilnd0920aaso5; monitor_count=61',
)
[ info ] [ PARAM ] array (
)
[ info ] [ DB ] INIT mysql
[ info ] [ SESSION ] INIT array (
  'id' => '',
  'var_session_id' => '',
  'prefix' => 'think',
  'type' => '',
  'auto_start' => true,
)
[ info ] [ RUN ] app\admin\controller\Index->index[ D:\wamp\www\www.0794jxw.cn\application\admin\controller\Index.php ]
[ info ] [ VIEW ] ./application/admin\view\index_index.html [ array (
  0 => 'tptadmin',
) ]
[ info ] [ LOG ] INIT File
---------------------------------------------------------------
[ 2017-10-20T17:06:10+08:00 ] 127.0.0.1 127.0.0.1 GET /admin.php/index/home.html
[ info ] www.0794jxw.cn/admin.php/index/home.html [运行时间：0.196011s][吞吐率：5.10req/s] [内存消耗：4,625.66kb] [文件加载：57]
[ info ] [ LANG ] D:\wamp\www\www.0794jxw.cn\thinkphp\lang\zh-cn.php
[ info ] [ BIND ] 'admin'
[ info ] [ ROUTE ] array (
  'type' => 'module',
  'module' => 
  array (
    0 => 'admin',
    1 => 'index',
    2 => 'home',
  ),
)
[ info ] [ HEADER ] array (
  'host' => 'www.0794jxw.cn',
  'connection' => 'keep-alive',
  'upgrade-insecure-requests' => '1',
  'user-agent' => 'Mozilla/5.0 (Windows NT 6.1; WOW64) AppleWebKit/537.36 (KHTML, like Gecko) Chrome/55.0.2883.87 Safari/537.36',
  'accept' => 'text/html,application/xhtml+xml,application/xml;q=0.9,image/webp,*/*;q=0.8',
  'referer' => 'http://www.0794jxw.cn/admin.php/index/index.html',
  'accept-encoding' => 'gzip, deflate, sdch',
  'accept-language' => 'zh-CN,zh;q=0.8',
  'cookie' => '__guid=28115770.2816069970022539000.1508375702909.9458; PHPSESSID=2vpuimdiu17kdilnd0920aaso5; monitor_count=62',
)
[ info ] [ PARAM ] array (
)
[ info ] [ DB ] INIT mysql
[ info ] [ SESSION ] INIT array (
  'id' => '',
  'var_session_id' => '',
  'prefix' => 'think',
  'type' => '',
  'auto_start' => true,
)
[ info ] [ RUN ] app\admin\controller\Index->home[ D:\wamp\www\www.0794jxw.cn\application\admin\controller\Index.php ]
[ info ] [ VIEW ] ./application/admin\view\index_home.html [ array (
) ]
[ info ] [ LOG ] INIT File
---------------------------------------------------------------
[ 2017-10-20T17:06:12+08:00 ] 127.0.0.1 127.0.0.1 GET /admin.php/school/index.html
[ info ] www.0794jxw.cn/admin.php/school/index.html [运行时间：0.120006s][吞吐率：8.33req/s] [内存消耗：4,624.62kb] [文件加载：57]
[ info ] [ LANG ] D:\wamp\www\www.0794jxw.cn\thinkphp\lang\zh-cn.php
[ info ] [ BIND ] 'admin'
[ info ] [ ROUTE ] array (
  'type' => 'module',
  'module' => 
  array (
    0 => 'admin',
    1 => 'school',
    2 => 'index',
  ),
)
[ info ] [ HEADER ] array (
  'host' => 'www.0794jxw.cn',
  'connection' => 'keep-alive',
  'upgrade-insecure-requests' => '1',
  'user-agent' => 'Mozilla/5.0 (Windows NT 6.1; WOW64) AppleWebKit/537.36 (KHTML, like Gecko) Chrome/55.0.2883.87 Safari/537.36',
  'accept' => 'text/html,application/xhtml+xml,application/xml;q=0.9,image/webp,*/*;q=0.8',
  'referer' => 'http://www.0794jxw.cn/admin.php/index/index.html',
  'accept-encoding' => 'gzip, deflate, sdch',
  'accept-language' => 'zh-CN,zh;q=0.8',
  'cookie' => '__guid=28115770.2816069970022539000.1508375702909.9458; PHPSESSID=2vpuimdiu17kdilnd0920aaso5; monitor_count=62',
)
[ info ] [ PARAM ] array (
)
[ info ] [ DB ] INIT mysql
[ info ] [ SESSION ] INIT array (
  'id' => '',
  'var_session_id' => '',
  'prefix' => 'think',
  'type' => '',
  'auto_start' => true,
)
[ info ] [ RUN ] app\admin\controller\School->index[ D:\wamp\www\www.0794jxw.cn\application\admin\controller\School.php ]
[ info ] [ VIEW ] ./application/admin\view\school_index.html [ array (
) ]
[ info ] [ LOG ] INIT File
---------------------------------------------------------------
[ 2017-10-20T17:06:13+08:00 ] 127.0.0.1 127.0.0.1 GET /admin.php/school/add.html
[ info ] www.0794jxw.cn/admin.php/school/add.html [运行时间：0.290017s][吞吐率：3.45req/s] [内存消耗：4,605.90kb] [文件加载：60]
[ info ] [ LANG ] D:\wamp\www\www.0794jxw.cn\thinkphp\lang\zh-cn.php
[ info ] [ BIND ] 'admin'
[ info ] [ ROUTE ] array (
  'type' => 'module',
  'module' => 
  array (
    0 => 'admin',
    1 => 'school',
    2 => 'add',
  ),
)
[ info ] [ HEADER ] array (
  'host' => 'www.0794jxw.cn',
  'connection' => 'keep-alive',
  'upgrade-insecure-requests' => '1',
  'user-agent' => 'Mozilla/5.0 (Windows NT 6.1; WOW64) AppleWebKit/537.36 (KHTML, like Gecko) Chrome/55.0.2883.87 Safari/537.36',
  'accept' => 'text/html,application/xhtml+xml,application/xml;q=0.9,image/webp,*/*;q=0.8',
  'referer' => 'http://www.0794jxw.cn/admin.php/school/index.html',
  'accept-encoding' => 'gzip, deflate, sdch',
  'accept-language' => 'zh-CN,zh;q=0.8',
  'cookie' => '__guid=28115770.2816069970022539000.1508375702909.9458; PHPSESSID=2vpuimdiu17kdilnd0920aaso5; monitor_count=62',
)
[ info ] [ PARAM ] array (
)
[ info ] [ DB ] INIT mysql
[ info ] [ SESSION ] INIT array (
  'id' => '',
  'var_session_id' => '',
  'prefix' => 'think',
  'type' => '',
  'auto_start' => true,
)
[ info ] [ RUN ] app\admin\controller\School->add[ D:\wamp\www\www.0794jxw.cn\application\admin\controller\School.php ]
[ info ] [ VIEW ] ./application/admin\view\school_add.html [ array (
) ]
[ info ] [ LOG ] INIT File
[ error ] [8]未定义变量: tptc[D:\wamp\www\www.0794jxw.cn\runtime\temp\ad4dc3ef116b736ab98ddff7b9db3a7e.php:49]
---------------------------------------------------------------
[ 2017-10-20T17:19:19+08:00 ] 127.0.0.1 127.0.0.1 GET /admin.php/school/index.html
[ info ] www.0794jxw.cn/admin.php/school/index.html [运行时间：0.327019s][吞吐率：3.06req/s] [内存消耗：4,624.62kb] [文件加载：57]
[ info ] [ LANG ] D:\wamp\www\www.0794jxw.cn\thinkphp\lang\zh-cn.php
[ info ] [ BIND ] 'admin'
[ info ] [ ROUTE ] array (
  'type' => 'module',
  'module' => 
  array (
    0 => 'admin',
    1 => 'school',
    2 => 'index',
  ),
)
[ info ] [ HEADER ] array (
  'host' => 'www.0794jxw.cn',
  'connection' => 'keep-alive',
  'upgrade-insecure-requests' => '1',
  'user-agent' => 'Mozilla/5.0 (Windows NT 6.1; WOW64) AppleWebKit/537.36 (KHTML, like Gecko) Chrome/55.0.2883.87 Safari/537.36',
  'accept' => 'text/html,application/xhtml+xml,application/xml;q=0.9,image/webp,*/*;q=0.8',
  'referer' => 'http://www.0794jxw.cn/admin.php/index/index.html',
  'accept-encoding' => 'gzip, deflate, sdch',
  'accept-language' => 'zh-CN,zh;q=0.8',
  'cookie' => '__guid=28115770.2816069970022539000.1508375702909.9458; PHPSESSID=2vpuimdiu17kdilnd0920aaso5; monitor_count=62',
)
[ info ] [ PARAM ] array (
)
[ info ] [ DB ] INIT mysql
[ info ] [ SESSION ] INIT array (
  'id' => '',
  'var_session_id' => '',
  'prefix' => 'think',
  'type' => '',
  'auto_start' => true,
)
[ info ] [ RUN ] app\admin\controller\School->index[ D:\wamp\www\www.0794jxw.cn\application\admin\controller\School.php ]
[ info ] [ VIEW ] ./application/admin\view\school_index.html [ array (
) ]
[ info ] [ LOG ] INIT File
---------------------------------------------------------------
[ 2017-10-20T17:19:20+08:00 ] 127.0.0.1 127.0.0.1 GET /admin.php/school/add.html
[ info ] www.0794jxw.cn/admin.php/school/add.html [运行时间：0.188011s][吞吐率：5.32req/s] [内存消耗：4,881.37kb] [文件加载：59]
[ info ] [ LANG ] D:\wamp\www\www.0794jxw.cn\thinkphp\lang\zh-cn.php
[ info ] [ BIND ] 'admin'
[ info ] [ ROUTE ] array (
  'type' => 'module',
  'module' => 
  array (
    0 => 'admin',
    1 => 'school',
    2 => 'add',
  ),
)
[ info ] [ HEADER ] array (
  'host' => 'www.0794jxw.cn',
  'connection' => 'keep-alive',
  'upgrade-insecure-requests' => '1',
  'user-agent' => 'Mozilla/5.0 (Windows NT 6.1; WOW64) AppleWebKit/537.36 (KHTML, like Gecko) Chrome/55.0.2883.87 Safari/537.36',
  'accept' => 'text/html,application/xhtml+xml,application/xml;q=0.9,image/webp,*/*;q=0.8',
  'referer' => 'http://www.0794jxw.cn/admin.php/school/index.html',
  'accept-encoding' => 'gzip, deflate, sdch',
  'accept-language' => 'zh-CN,zh;q=0.8',
  'cookie' => '__guid=28115770.2816069970022539000.1508375702909.9458; PHPSESSID=2vpuimdiu17kdilnd0920aaso5; monitor_count=62',
)
[ info ] [ PARAM ] array (
)
[ info ] [ DB ] INIT mysql
[ info ] [ SESSION ] INIT array (
  'id' => '',
  'var_session_id' => '',
  'prefix' => 'think',
  'type' => '',
  'auto_start' => true,
)
[ info ] [ RUN ] app\admin\controller\School->add[ D:\wamp\www\www.0794jxw.cn\application\admin\controller\School.php ]
[ info ] [ VIEW ] ./application/admin\view\school_add.html [ array (
) ]
[ info ] [ LOG ] INIT File
