---------------------------------------------------------------
[ 2017-10-29T11:34:05+08:00 ] 127.0.0.1 127.0.0.1 GET /
[ info ] 0794jxw.cn/ [运行时间：1.120064s][吞吐率：0.89req/s] [内存消耗：5,532.02kb] [文件加载：62]
[ info ] [ LANG ] D:\wamp\www\www.0794jxw.cn\thinkphp\lang\zh-cn.php
[ info ] [ BIND ] 'index'
[ info ] [ ROUTE ] array (
  'type' => 'module',
  'module' => 
  array (
    0 => 'index',
    1 => NULL,
    2 => NULL,
  ),
)
[ info ] [ HEADER ] array (
  'host' => '0794jxw.cn',
  'connection' => 'keep-alive',
  'upgrade-insecure-requests' => '1',
  'user-agent' => 'Mozilla/5.0 (Windows NT 6.1; WOW64) AppleWebKit/537.36 (KHTML, like Gecko) Chrome/55.0.2883.87 Safari/537.36',
  'accept' => 'text/html,application/xhtml+xml,application/xml;q=0.9,image/webp,*/*;q=0.8',
  'accept-encoding' => 'gzip, deflate, sdch',
  'accept-language' => 'zh-CN,zh;q=0.8',
  'cookie' => '__guid=164976638.3189352565455866400.1508379796782.8274; pgv_pvid=1886001334',
)
[ info ] [ PARAM ] array (
)
[ info ] [ DB ] INIT mysql
[ info ] [ SESSION ] INIT array (
  'id' => '',
  'var_session_id' => '',
  'prefix' => 'think',
  'type' => '',
  'auto_start' => true,
)
[ info ] [ RUN ] app\index\controller\Index->index[ D:\wamp\www\www.0794jxw.cn\application\index\controller\Index.php ]
[ info ] [ VIEW ] ./template/default/index_index.html [ array (
  0 => 'tptca',
  1 => 'tptcm',
  2 => 'tptcc',
  3 => 'tptm',
  4 => 'tptl',
  5 => 'tpte',
  6 => 'tptf',
  7 => 'tptb',
  8 => 'tagss',
  9 => 'tptop',
  10 => 'tptops',
  11 => 'tptuser',
  12 => 'tptc',
  13 => 'tptcs',
) ]
[ info ] [ LOG ] INIT File
